<?xml version="1.0" encoding="UTF-8"?>
<!-- Generated by org.testng.reporters.JUnitXMLReporter -->
<testsuite ignored="2" hostname="DESKTOP-0LUVACA" failures="0" tests="4" name="Car Loan" time="0.021" errors="0" timestamp="2022-01-13T15:57:07 IST">
  <testcase classname="test.CarLoan" name="GuestUserCar" time="0.002"/>
  <testcase classname="test.CarLoan" name="WebCarLogin" time="0.002"/>
  <testcase classname="test.CarLoan" name="WebCarLogin" time="0.002"/>
  <testcase classname="test.CarLoan" name="WebCarLogin" time="0.002"/>
  <testcase classname="test.CarLoan" name="MobileCarLogin" time="0.0">
    <ignored/>
  </testcase> <!-- MobileCarLogin -->
  <testcase classname="test.CarLoan" name="MobileCarSecond" time="0.0">
    <ignored/>
  </testcase> <!-- MobileCarSecond -->
</testsuite> <!-- Car Loan -->
